<?xml version="1.0" encoding="UTF-8" ?>
<testsuite failures="0" time="1.759" errors="0" skipped="0" tests="7" name="com.googlecode.gwt.test.gxt2.WindowTest">
  <properties>
    <property name="java.runtime.name" value="Java(TM) SE Runtime Environment"/>
    <property name="sun.boot.library.path" value="/System/Library/Java/JavaVirtualMachines/1.6.0.jdk/Contents/Libraries"/>
    <property name="java.vm.version" value="20.8-b03-424"/>
    <property name="awt.nativeDoubleBuffering" value="true"/>
    <property name="gopherProxySet" value="false"/>
    <property name="mrj.build" value="11M3720"/>
    <property name="java.vm.vendor" value="Apple Inc."/>
    <property name="java.vendor.url" value="http://www.apple.com/"/>
    <property name="path.separator" value=":"/>
    <property name="java.vm.name" value="Java HotSpot(TM) 64-Bit Server VM"/>
    <property name="file.encoding.pkg" value="sun.io"/>
    <property name="user.country" value="FR"/>
    <property name="sun.java.launcher" value="SUN_STANDARD"/>
    <property name="sun.os.patch.level" value="unknown"/>
    <property name="java.vm.specification.name" value="Java Virtual Machine Specification"/>
    <property name="user.dir" value="/Users/glz/gwt-test-utils-framework/branches/gwt-2.3/gwt-test-utils-gxt2"/>
    <property name="java.runtime.version" value="1.6.0_33-b03-424-11M3720"/>
    <property name="java.awt.graphicsenv" value="apple.awt.CGraphicsEnvironment"/>
    <property name="basedir" value="/Users/glz/gwt-test-utils-framework/branches/gwt-2.3/gwt-test-utils-gxt2"/>
    <property name="java.endorsed.dirs" value="/System/Library/Java/JavaVirtualMachines/1.6.0.jdk/Contents/Home/lib/endorsed"/>
    <property name="os.arch" value="x86_64"/>
    <property name="surefire.real.class.path" value="/Users/glz/gwt-test-utils-framework/branches/gwt-2.3/gwt-test-utils-gxt2/target/surefire/surefirebooter8313567861924203445.jar"/>
    <property name="java.io.tmpdir" value="/var/folders/xy/l0f88c8d3xv8j57cjs57kdxh0000gn/T/"/>
    <property name="line.separator" value="
"/>
    <property name="java.vm.specification.vendor" value="Sun Microsystems Inc."/>
    <property name="os.name" value="Mac OS X"/>
    <property name="sun.jnu.encoding" value="MacRoman"/>
    <property name="java.library.path" value=".:/Library/Java/Extensions:/System/Library/Java/Extensions:/usr/lib/java"/>
    <property name="surefire.test.class.path" value="/Users/glz/gwt-test-utils-framework/branches/gwt-2.3/gwt-test-utils-gxt2/target/test-classes:/Users/glz/gwt-test-utils-framework/branches/gwt-2.3/gwt-test-utils-gxt2/target/classes:/Users/glz/gwt-test-utils-framework/branches/gwt-2.3/gwt-test-utils/target/gwt-test-utils-0.33.5-SNAPSHOT.jar:/Users/glz/.m2/repository/com/google/gwt/gwt-user/2.3.0/gwt-user-2.3.0.jar:/Users/glz/.m2/repository/com/google/gwt/gwt-servlet/2.3.0/gwt-servlet-2.3.0.jar:/Users/glz/.m2/repository/com/google/gwt/gwt-dev/2.3.0/gwt-dev-2.3.0.jar:/Users/glz/.m2/repository/org/javassist/javassist/3.15.0-GA/javassist-3.15.0-GA.jar:/Users/glz/.m2/repository/com/thoughtworks/paranamer/paranamer/2.5/paranamer-2.5.jar:/Users/glz/.m2/repository/com/google/code/javaparser/javaparser/1.0.8/javaparser-1.0.8.jar:/Users/glz/.m2/repository/org/easytesting/fest-assert/1.4/fest-assert-1.4.jar:/Users/glz/.m2/repository/org/easytesting/fest-util/1.1.6/fest-util-1.1.6.jar:/Users/glz/.m2/repository/org/codehaus/jackson/jackson-core-asl/1.9.1/jackson-core-asl-1.9.1.jar:/Users/glz/.m2/repository/org/antlr/antlr-runtime/3.1.1/antlr-runtime-3.1.1.jar:/Users/glz/.m2/repository/com/extjs/gxt/2.2.0/gxt-2.2.0.jar:/Users/glz/.m2/repository/com/jhickman/gxt-uibinder/1.0.1/gxt-uibinder-1.0.1.jar:/Users/glz/.m2/repository/com/jhickman/gwt-customuibinder/1.1.0/gwt-customuibinder-1.1.0.jar:/Users/glz/.m2/repository/junit/junit/4.8.2/junit-4.8.2.jar:/Users/glz/.m2/repository/org/slf4j/slf4j-api/1.6.1/slf4j-api-1.6.1.jar:/Users/glz/.m2/repository/org/slf4j/slf4j-simple/1.6.1/slf4j-simple-1.6.1.jar:"/>
    <property name="java.specification.name" value="Java Platform API Specification"/>
    <property name="java.class.version" value="50.0"/>
    <property name="sun.management.compiler" value="HotSpot 64-Bit Tiered Compilers"/>
    <property name="os.version" value="10.7.4"/>
    <property name="http.nonProxyHosts" value="local|*.local|169.254/16|*.169.254/16"/>
    <property name="user.home" value="/Users/glz"/>
    <property name="user.timezone" value="Europe/Paris"/>
    <property name="java.awt.printerjob" value="apple.awt.CPrinterJob"/>
    <property name="java.specification.version" value="1.6"/>
    <property name="file.encoding" value="MacRoman"/>
    <property name="user.name" value="glz"/>
    <property name="java.class.path" value="/Users/glz/gwt-test-utils-framework/branches/gwt-2.3/gwt-test-utils-gxt2/target/test-classes:/Users/glz/gwt-test-utils-framework/branches/gwt-2.3/gwt-test-utils-gxt2/target/classes:/Users/glz/gwt-test-utils-framework/branches/gwt-2.3/gwt-test-utils/target/gwt-test-utils-0.33.5-SNAPSHOT.jar:/Users/glz/.m2/repository/com/google/gwt/gwt-user/2.3.0/gwt-user-2.3.0.jar:/Users/glz/.m2/repository/com/google/gwt/gwt-servlet/2.3.0/gwt-servlet-2.3.0.jar:/Users/glz/.m2/repository/com/google/gwt/gwt-dev/2.3.0/gwt-dev-2.3.0.jar:/Users/glz/.m2/repository/org/javassist/javassist/3.15.0-GA/javassist-3.15.0-GA.jar:/Users/glz/.m2/repository/com/thoughtworks/paranamer/paranamer/2.5/paranamer-2.5.jar:/Users/glz/.m2/repository/com/google/code/javaparser/javaparser/1.0.8/javaparser-1.0.8.jar:/Users/glz/.m2/repository/org/easytesting/fest-assert/1.4/fest-assert-1.4.jar:/Users/glz/.m2/repository/org/easytesting/fest-util/1.1.6/fest-util-1.1.6.jar:/Users/glz/.m2/repository/org/codehaus/jackson/jackson-core-asl/1.9.1/jackson-core-asl-1.9.1.jar:/Users/glz/.m2/repository/org/antlr/antlr-runtime/3.1.1/antlr-runtime-3.1.1.jar:/Users/glz/.m2/repository/com/extjs/gxt/2.2.0/gxt-2.2.0.jar:/Users/glz/.m2/repository/com/jhickman/gxt-uibinder/1.0.1/gxt-uibinder-1.0.1.jar:/Users/glz/.m2/repository/com/jhickman/gwt-customuibinder/1.1.0/gwt-customuibinder-1.1.0.jar:/Users/glz/.m2/repository/junit/junit/4.8.2/junit-4.8.2.jar:/Users/glz/.m2/repository/org/slf4j/slf4j-api/1.6.1/slf4j-api-1.6.1.jar:/Users/glz/.m2/repository/org/slf4j/slf4j-simple/1.6.1/slf4j-simple-1.6.1.jar:"/>
    <property name="java.vm.specification.version" value="1.0"/>
    <property name="sun.arch.data.model" value="64"/>
    <property name="java.home" value="/System/Library/Java/JavaVirtualMachines/1.6.0.jdk/Contents/Home"/>
    <property name="sun.java.command" value="/Users/glz/gwt-test-utils-framework/branches/gwt-2.3/gwt-test-utils-gxt2/target/surefire/surefirebooter8313567861924203445.jar /Users/glz/gwt-test-utils-framework/branches/gwt-2.3/gwt-test-utils-gxt2/target/surefire/surefire7974638160739645695tmp /Users/glz/gwt-test-utils-framework/branches/gwt-2.3/gwt-test-utils-gxt2/target/surefire/surefire5006530111904320917tmp"/>
    <property name="java.specification.vendor" value="Sun Microsystems Inc."/>
    <property name="user.language" value="fr"/>
    <property name="awt.toolkit" value="apple.awt.CToolkit"/>
    <property name="java.vm.info" value="mixed mode"/>
    <property name="java.version" value="1.6.0_33"/>
    <property name="java.ext.dirs" value="/Library/Java/Extensions:/System/Library/Java/Extensions:/System/Library/Java/JavaVirtualMachines/1.6.0.jdk/Contents/Home/lib/ext"/>
    <property name="sun.boot.class.path" value="/System/Library/Java/JavaVirtualMachines/1.6.0.jdk/Contents/Classes/jsfd.jar:/System/Library/Java/JavaVirtualMachines/1.6.0.jdk/Contents/Classes/classes.jar:/System/Library/Frameworks/JavaVM.framework/Frameworks/JavaRuntimeSupport.framework/Resources/Java/JavaRuntimeSupport.jar:/System/Library/Java/JavaVirtualMachines/1.6.0.jdk/Contents/Classes/ui.jar:/System/Library/Java/JavaVirtualMachines/1.6.0.jdk/Contents/Classes/laf.jar:/System/Library/Java/JavaVirtualMachines/1.6.0.jdk/Contents/Classes/sunrsasign.jar:/System/Library/Java/JavaVirtualMachines/1.6.0.jdk/Contents/Classes/jsse.jar:/System/Library/Java/JavaVirtualMachines/1.6.0.jdk/Contents/Classes/jce.jar:/System/Library/Java/JavaVirtualMachines/1.6.0.jdk/Contents/Classes/charsets.jar"/>
    <property name="java.vendor" value="Apple Inc."/>
    <property name="localRepository" value="/Users/glz/.m2/repository"/>
    <property name="file.separator" value="/"/>
    <property name="java.vendor.url.bug" value="http://bugreport.apple.com/"/>
    <property name="sun.cpu.endian" value="little"/>
    <property name="sun.io.unicode.encoding" value="UnicodeLittle"/>
    <property name="mrj.version" value="1070.1.6.0_33-424"/>
    <property name="socksNonProxyHosts" value="local|*.local|169.254/16|*.169.254/16"/>
    <property name="ftp.nonProxyHosts" value="local|*.local|169.254/16|*.169.254/16"/>
    <property name="sun.cpu.isalist" value=""/>
  </properties>
  <testcase time="0.137" classname="com.googlecode.gwt.test.gxt2.WindowTest" name="activate"/>
  <testcase time="0.123" classname="com.googlecode.gwt.test.gxt2.WindowTest" name="deactivate"/>
  <testcase time="0.182" classname="com.googlecode.gwt.test.gxt2.WindowTest" name="hide"/>
  <testcase time="0.599" classname="com.googlecode.gwt.test.gxt2.WindowTest" name="maximize"/>
  <testcase time="0.255" classname="com.googlecode.gwt.test.gxt2.WindowTest" name="minimize"/>
  <testcase time="0.242" classname="com.googlecode.gwt.test.gxt2.WindowTest" name="restore"/>
  <testcase time="0.212" classname="com.googlecode.gwt.test.gxt2.WindowTest" name="show"/>
</testsuite>