<?xml version="1.0" encoding="UTF-8" ?>
<testsuite failures="0" time="0.531" errors="0" skipped="0" tests="1" name="com.octo.gxt.test.MyGXTAppTest">
  <properties>
    <property name="java.runtime.name" value="Java(TM) SE Runtime Environment"/>
    <property name="sun.boot.library.path" value="C:\Program Files\Java\jdk1.6.0_22\jre\bin"/>
    <property name="java.vm.version" value="17.1-b03"/>
    <property name="java.vm.vendor" value="Sun Microsystems Inc."/>
    <property name="java.vendor.url" value="http://java.sun.com/"/>
    <property name="path.separator" value=";"/>
    <property name="java.vm.name" value="Java HotSpot(TM) Client VM"/>
    <property name="file.encoding.pkg" value="sun.io"/>
    <property name="user.country" value="FR"/>
    <property name="sun.java.launcher" value="SUN_STANDARD"/>
    <property name="sun.os.patch.level" value=""/>
    <property name="java.vm.specification.name" value="Java Virtual Machine Specification"/>
    <property name="user.dir" value="D:\gwt-test-utils\gwt-test-utils-gxt"/>
    <property name="java.runtime.version" value="1.6.0_22-b04"/>
    <property name="java.awt.graphicsenv" value="sun.awt.Win32GraphicsEnvironment"/>
    <property name="basedir" value="D:\gwt-test-utils\gwt-test-utils-gxt"/>
    <property name="java.endorsed.dirs" value="C:\Program Files\Java\jdk1.6.0_22\jre\lib\endorsed"/>
    <property name="os.arch" value="x86"/>
    <property name="surefire.real.class.path" value="C:\Users\GLZ\AppData\Local\Temp\surefirebooter2650497895733254312.jar"/>
    <property name="java.io.tmpdir" value="C:\Users\GLZ\AppData\Local\Temp\"/>
    <property name="line.separator" value="
"/>
    <property name="java.vm.specification.vendor" value="Sun Microsystems Inc."/>
    <property name="user.variant" value=""/>
    <property name="os.name" value="Windows 7"/>
    <property name="sun.jnu.encoding" value="Cp1252"/>
    <property name="java.library.path" value="C:\Program Files\Java\jdk1.6.0_22\jre\bin;.;C:\Windows\Sun\Java\bin;C:\Windows\system32;C:\Windows;C:\Ruby192\bin;C:\Program Files\Common Files\Microsoft Shared\Windows Live;C:\Windows\system32;C:\Windows;C:\Windows\System32\Wbem;C:\Windows\System32\WindowsPowerShell\v1.0\;C:\Program Files\Java\jdk1.6.0_22\bin;D:\java\apache-maven-2.2.1\bin;C:\Program Files\Windows Live\Shared;C:\Program Files\Microsoft SQL Server\100\Tools\Binn\;C:\Program Files\Microsoft SQL Server\100\DTS\Binn\;C:\Program Files\TortoiseSVN\bin;c:\Program Files\Microsoft SQL Server\100\Tools\Binn\VSShell\Common7\IDE\;C:\Program Files\QuickTime\QTSystem\;C:\Program Files\Git\bin;D:\java\play-1.1.1\;C:\Program Files\Satsuki Decoder Pack\Filtres"/>
    <property name="surefire.test.class.path" value="D:\gwt-test-utils\gwt-test-utils-gxt\target\test-classes;D:\gwt-test-utils\gwt-test-utils-gxt\target\classes;D:\gwt-test-utils\gwt-test-utils\target\gwt-test-utils-0.25-SNAPSHOT.jar;D:\java\mvn\com\google\gwt\gwt-user\2.1.1\gwt-user-2.1.1.jar;D:\java\mvn\com\google\gwt\gwt-servlet\2.1.1\gwt-servlet-2.1.1.jar;D:\java\mvn\com\google\gwt\gwt-dev\2.1.1\gwt-dev-2.1.1.jar;D:\java\mvn\javassist\javassist\3.8.0.GA\javassist-3.8.0.GA.jar;D:\java\mvn\org\easymock\easymock\3.0\easymock-3.0.jar;D:\java\mvn\cglib\cglib-nodep\2.2\cglib-nodep-2.2.jar;D:\java\mvn\org\objenesis\objenesis\1.2\objenesis-1.2.jar;D:\java\mvn\commons-lang\commons-lang\2.4\commons-lang-2.4.jar;D:\java\mvn\org\htmlparser\htmlparser\1.6\htmlparser-1.6.jar;C:\Program Files\Java\jdk1.6.0_22\jre\..\lib\tools.jar;D:\java\mvn\junit\junit\4.8.1\junit-4.8.1.jar;D:\java\mvn\org\slf4j\slf4j-api\1.6.1\slf4j-api-1.6.1.jar;D:\java\mvn\com\extjs\gxt\2.2.0\gxt-2.2.0.jar;D:\java\mvn\org\slf4j\slf4j-simple\1.6.1\slf4j-simple-1.6.1.jar;"/>
    <property name="java.specification.name" value="Java Platform API Specification"/>
    <property name="java.class.version" value="50.0"/>
    <property name="sun.management.compiler" value="HotSpot Client Compiler"/>
    <property name="os.version" value="6.1"/>
    <property name="user.home" value="C:\Users\GLZ"/>
    <property name="user.timezone" value=""/>
    <property name="java.awt.printerjob" value="sun.awt.windows.WPrinterJob"/>
    <property name="java.specification.version" value="1.6"/>
    <property name="file.encoding" value="Cp1252"/>
    <property name="user.name" value="GLZ"/>
    <property name="java.class.path" value="D:\gwt-test-utils\gwt-test-utils-gxt\target\test-classes;D:\gwt-test-utils\gwt-test-utils-gxt\target\classes;D:\gwt-test-utils\gwt-test-utils\target\gwt-test-utils-0.25-SNAPSHOT.jar;D:\java\mvn\com\google\gwt\gwt-user\2.1.1\gwt-user-2.1.1.jar;D:\java\mvn\com\google\gwt\gwt-servlet\2.1.1\gwt-servlet-2.1.1.jar;D:\java\mvn\com\google\gwt\gwt-dev\2.1.1\gwt-dev-2.1.1.jar;D:\java\mvn\javassist\javassist\3.8.0.GA\javassist-3.8.0.GA.jar;D:\java\mvn\org\easymock\easymock\3.0\easymock-3.0.jar;D:\java\mvn\cglib\cglib-nodep\2.2\cglib-nodep-2.2.jar;D:\java\mvn\org\objenesis\objenesis\1.2\objenesis-1.2.jar;D:\java\mvn\commons-lang\commons-lang\2.4\commons-lang-2.4.jar;D:\java\mvn\org\htmlparser\htmlparser\1.6\htmlparser-1.6.jar;C:\Program Files\Java\jdk1.6.0_22\jre\..\lib\tools.jar;D:\java\mvn\junit\junit\4.8.1\junit-4.8.1.jar;D:\java\mvn\org\slf4j\slf4j-api\1.6.1\slf4j-api-1.6.1.jar;D:\java\mvn\com\extjs\gxt\2.2.0\gxt-2.2.0.jar;D:\java\mvn\org\slf4j\slf4j-simple\1.6.1\slf4j-simple-1.6.1.jar;"/>
    <property name="java.vm.specification.version" value="1.0"/>
    <property name="sun.arch.data.model" value="32"/>
    <property name="java.home" value="C:\Program Files\Java\jdk1.6.0_22\jre"/>
    <property name="java.specification.vendor" value="Sun Microsystems Inc."/>
    <property name="user.language" value="fr"/>
    <property name="awt.toolkit" value="sun.awt.windows.WToolkit"/>
    <property name="java.vm.info" value="mixed mode, sharing"/>
    <property name="java.version" value="1.6.0_22"/>
    <property name="java.ext.dirs" value="C:\Program Files\Java\jdk1.6.0_22\jre\lib\ext;C:\Windows\Sun\Java\lib\ext"/>
    <property name="sun.boot.class.path" value="C:\Program Files\Java\jdk1.6.0_22\jre\lib\resources.jar;C:\Program Files\Java\jdk1.6.0_22\jre\lib\rt.jar;C:\Program Files\Java\jdk1.6.0_22\jre\lib\sunrsasign.jar;C:\Program Files\Java\jdk1.6.0_22\jre\lib\jsse.jar;C:\Program Files\Java\jdk1.6.0_22\jre\lib\jce.jar;C:\Program Files\Java\jdk1.6.0_22\jre\lib\charsets.jar;C:\Program Files\Java\jdk1.6.0_22\jre\classes"/>
    <property name="java.vendor" value="Sun Microsystems Inc."/>
    <property name="localRepository" value="D:/java/mvn"/>
    <property name="file.separator" value="\"/>
    <property name="java.vendor.url.bug" value="http://java.sun.com/cgi-bin/bugreport.cgi"/>
    <property name="sun.cpu.endian" value="little"/>
    <property name="sun.io.unicode.encoding" value="UnicodeLittle"/>
    <property name="sun.desktop" value="windows"/>
    <property name="sun.cpu.isalist" value="pentium_pro+mmx pentium_pro pentium+mmx pentium i486 i386 i86"/>
  </properties>
  <testcase time="0.513" classname="com.octo.gxt.test.MyGXTAppTest" name="checkOnModuleLoad"/>
</testsuite>