<module>
	<source path='inherited' />
</module>
